#! /opt/homebrew/Cellar/icarus-verilog/12.0/bin/vvp
:ivl_version "12.0 (stable)";
:ivl_delay_selection "TYPICAL";
:vpi_time_precision - 12;
:vpi_module "/opt/homebrew/Cellar/icarus-verilog/12.0/lib/ivl/system.vpi";
:vpi_module "/opt/homebrew/Cellar/icarus-verilog/12.0/lib/ivl/vhdl_sys.vpi";
:vpi_module "/opt/homebrew/Cellar/icarus-verilog/12.0/lib/ivl/vhdl_textio.vpi";
:vpi_module "/opt/homebrew/Cellar/icarus-verilog/12.0/lib/ivl/v2005_math.vpi";
:vpi_module "/opt/homebrew/Cellar/icarus-verilog/12.0/lib/ivl/va_math.vpi";
S_0x151606860 .scope module, "baud_gen" "baud_gen" 2 7;
 .timescale -9 -12;
    .port_info 0 /INPUT 1 "clk";
    .port_info 1 /INPUT 1 "rstn";
    .port_info 2 /INPUT 16 "dlh_dll";
    .port_info 3 /INPUT 1 "mode_osl";
    .port_info 4 /OUTPUT 1 "bclk";
v0x151606590_0 .net *"_ivl_0", 15 0, L_0x151709c20;  1 drivers
v0x151708ba0_0 .net *"_ivl_12", 0 0, L_0x15170a080;  1 drivers
L_0x1480300a0 .functor BUFT 1, C4<01>, C4<0>, C4<0>, C4<0>;
v0x151708c50_0 .net/2s *"_ivl_14", 1 0, L_0x1480300a0;  1 drivers
L_0x1480300e8 .functor BUFT 1, C4<00>, C4<0>, C4<0>, C4<0>;
v0x151708d00_0 .net/2s *"_ivl_16", 1 0, L_0x1480300e8;  1 drivers
v0x151708d90_0 .net *"_ivl_18", 1 0, L_0x15170a1b0;  1 drivers
v0x151708e70_0 .net *"_ivl_20", 0 0, L_0x15170a330;  1 drivers
L_0x148030130 .functor BUFT 1, C4<01>, C4<0>, C4<0>, C4<0>;
v0x151708f10_0 .net/2s *"_ivl_22", 1 0, L_0x148030130;  1 drivers
L_0x148030178 .functor BUFT 1, C4<00>, C4<0>, C4<0>, C4<0>;
v0x151708fc0_0 .net/2s *"_ivl_24", 1 0, L_0x148030178;  1 drivers
v0x151709070_0 .net *"_ivl_26", 1 0, L_0x15170a490;  1 drivers
v0x151709180_0 .net *"_ivl_28", 1 0, L_0x15170a5f0;  1 drivers
L_0x148030010 .functor BUFT 1, C4<00000000000>, C4<0>, C4<0>, C4<0>;
v0x151709230_0 .net *"_ivl_3", 10 0, L_0x148030010;  1 drivers
v0x1517092e0_0 .net *"_ivl_6", 15 0, L_0x151709e00;  1 drivers
L_0x148030058 .functor BUFT 1, C4<000000000000>, C4<0>, C4<0>, C4<0>;
v0x151709390_0 .net *"_ivl_9", 11 0, L_0x148030058;  1 drivers
v0x151709440_0 .net "bclk", 0 0, L_0x15170a710;  1 drivers
v0x1517094e0_0 .var "ck_count", 15 0;
o0x1380082e0 .functor BUFZ 1, C4<z>; HiZ drive
v0x151709590_0 .net "clk", 0 0, o0x1380082e0;  0 drivers
o0x138008310 .functor BUFZ 16, C4<zzzzzzzzzzzzzzzz>; HiZ drive
v0x151709630_0 .net "dlh_dll", 15 0, o0x138008310;  0 drivers
v0x1517097c0_0 .net "mode_0", 15 0, L_0x151709d00;  1 drivers
v0x151709850_0 .net "mode_1", 15 0, L_0x151709f60;  1 drivers
o0x1380083a0 .functor BUFZ 1, C4<z>; HiZ drive
v0x151709900_0 .net "mode_osl", 0 0, o0x1380083a0;  0 drivers
v0x1517099a0_0 .var "mode_reg_0", 4 0;
v0x151709a50_0 .var "mode_reg_1", 3 0;
o0x138008430 .functor BUFZ 1, C4<z>; HiZ drive
v0x151709b00_0 .net "rstn", 0 0, o0x138008430;  0 drivers
E_0x1516063d0/0 .event negedge, v0x151709b00_0;
E_0x1516063d0/1 .event posedge, v0x151709590_0;
E_0x1516063d0 .event/or E_0x1516063d0/0, E_0x1516063d0/1;
L_0x151709c20 .concat [ 5 11 0 0], v0x1517099a0_0, L_0x148030010;
L_0x151709d00 .arith/div 16, o0x138008310, L_0x151709c20;
L_0x151709e00 .concat [ 4 12 0 0], v0x151709a50_0, L_0x148030058;
L_0x151709f60 .arith/div 16, o0x138008310, L_0x151709e00;
L_0x15170a080 .cmp/eq 16, L_0x151709f60, v0x1517094e0_0;
L_0x15170a1b0 .functor MUXZ 2, L_0x1480300e8, L_0x1480300a0, L_0x15170a080, C4<>;
L_0x15170a330 .cmp/eq 16, L_0x151709d00, v0x1517094e0_0;
L_0x15170a490 .functor MUXZ 2, L_0x148030178, L_0x148030130, L_0x15170a330, C4<>;
L_0x15170a5f0 .functor MUXZ 2, L_0x15170a490, L_0x15170a1b0, o0x1380083a0, C4<>;
L_0x15170a710 .part L_0x15170a5f0, 0, 1;
    .scope S_0x151606860;
T_0 ;
    %pushi/vec4 16, 0, 5;
    %store/vec4 v0x1517099a0_0, 0, 5;
    %pushi/vec4 13, 0, 4;
    %store/vec4 v0x151709a50_0, 0, 4;
    %end;
    .thread T_0;
    .scope S_0x151606860;
T_1 ;
    %wait E_0x1516063d0;
    %load/vec4 v0x151709b00_0;
    %nor/r;
    %flag_set/vec4 8;
    %jmp/0xz  T_1.0, 8;
    %pushi/vec4 0, 0, 16;
    %assign/vec4 v0x1517094e0_0, 0;
    %jmp T_1.1;
T_1.0 ;
    %load/vec4 v0x151709440_0;
    %flag_set/vec4 8;
    %jmp/0xz  T_1.2, 8;
    %pushi/vec4 0, 0, 16;
    %assign/vec4 v0x1517094e0_0, 0;
    %jmp T_1.3;
T_1.2 ;
    %load/vec4 v0x1517094e0_0;
    %addi 1, 0, 16;
    %assign/vec4 v0x1517094e0_0, 0;
T_1.3 ;
T_1.1 ;
    %jmp T_1;
    .thread T_1;
# The file index is used to find the file name in the following table.
:file_names 3;
    "N/A";
    "<interactive>";
    "baud_gen.v";
